<?xml version="1.0" encoding="UTF-8"?>
<!-- Generated by org.testng.reporters.JUnitXMLReporter -->
<testsuite hostname="DESKTOP-H9BS9M0" name="Run on FIREFOX UI" tests="2" failures="2" timestamp="9 Nov 2020 09:43:27 GMT" time="73.923" errors="0">
  <testcase name="TC_01_EmtyData" time="31.843" classname="com.Nopcommerce.User.User_TC_01_Register">
    <failure type="org.openqa.selenium.TimeoutException" message="Expected condition failed: waiting for element to no longer be visible: By.xpath: //span[@id=&amp;apos;LastName-error&amp;apos; and text()=&amp;apos;Last name is required.&amp;apos;] (tried for 30 second(s) with 500 milliseconds interval)
Build info: version: &amp;apos;3.141.59&amp;apos;, revision: &amp;apos;e82be7d358&amp;apos;, time: &amp;apos;2018-11-14T08:17:03&amp;apos;
System info: host: &amp;apos;DESKTOP-H9BS9M0&amp;apos;, ip: &amp;apos;192.168.1.5&amp;apos;, os.name: &amp;apos;Windows 10&amp;apos;, os.arch: &amp;apos;amd64&amp;apos;, os.version: &amp;apos;10.0&amp;apos;, java.version: &amp;apos;1.8.0_211&amp;apos;
Driver info: org.openqa.selenium.firefox.FirefoxDriver
Capabilities {acceptInsecureCerts: true, browserName: firefox, browserVersion: 78.0.2, javascriptEnabled: true, moz:accessibilityChecks: false, moz:buildID: 20200708170202, moz:geckodriverVersion: 0.26.0, moz:headless: false, moz:processID: 7772, moz:profile: C:\Users\ngaIT\AppData\Loca..., moz:shutdownTimeout: 60000, moz:useNonSpecCompliantPointerOrigin: false, moz:webdriverClick: true, pageLoadStrategy: normal, platform: WINDOWS, platformName: WINDOWS, platformVersion: 10.0, rotatable: false, setWindowRect: true, strictFileInteractability: false, timeouts: {implicit: 0, pageLoad: 300000, script: 30000}, unhandledPromptBehavior: dismiss and notify}
Session ID: fcbd630d-573e-4e1a-88df-d3a9fa0bfa31">
      <![CDATA[org.openqa.selenium.TimeoutException: Expected condition failed: waiting for element to no longer be visible: By.xpath: //span[@id='LastName-error' and text()='Last name is required.'] (tried for 30 second(s) with 500 milliseconds interval)
Build info: version: '3.141.59', revision: 'e82be7d358', time: '2018-11-14T08:17:03'
System info: host: 'DESKTOP-H9BS9M0', ip: '192.168.1.5', os.name: 'Windows 10', os.arch: 'amd64', os.version: '10.0', java.version: '1.8.0_211'
Driver info: org.openqa.selenium.firefox.FirefoxDriver
Capabilities {acceptInsecureCerts: true, browserName: firefox, browserVersion: 78.0.2, javascriptEnabled: true, moz:accessibilityChecks: false, moz:buildID: 20200708170202, moz:geckodriverVersion: 0.26.0, moz:headless: false, moz:processID: 7772, moz:profile: C:\Users\ngaIT\AppData\Loca..., moz:shutdownTimeout: 60000, moz:useNonSpecCompliantPointerOrigin: false, moz:webdriverClick: true, pageLoadStrategy: normal, platform: WINDOWS, platformName: WINDOWS, platformVersion: 10.0, rotatable: false, setWindowRect: true, strictFileInteractability: false, timeouts: {implicit: 0, pageLoad: 300000, script: 30000}, unhandledPromptBehavior: dismiss and notify}
Session ID: fcbd630d-573e-4e1a-88df-d3a9fa0bfa31
	at org.openqa.selenium.support.ui.WebDriverWait.timeoutException(WebDriverWait.java:95)
	at org.openqa.selenium.support.ui.FluentWait.until(FluentWait.java:272)
	at common.AbstractPage.waitForElementInvisible(AbstractPage.java:524)
	at pageObject.Nopcommerce.User.RegisterPageObject.isLastNameTextErrorDisplay(RegisterPageObject.java:25)
	at com.Nopcommerce.User.User_TC_01_Register.TC_01_EmtyData(User_TC_01_Register.java:30)
... Removed 28 stack frames]]>
    </failure>
  </testcase> <!-- TC_01_EmtyData -->
  <testcase name="TC_01_EmtyData" time="32.267" classname="com.Nopcommerce.User.User_TC_01_Register">
    <failure type="java.lang.NullPointerException">
      <![CDATA[java.lang.NullPointerException
	at reportConfig.ExtentTestListener.onTestFailure(ExtentTestListener.java:49)
... Removed 25 stack frames]]>
    </failure>
  </testcase> <!-- TC_01_EmtyData -->
</testsuite> <!-- Run on FIREFOX UI -->
